# JRE version: Java(TM) SE Runtime Environment (8.0_121-b13) (build 1.8.0_121-b13)
# Java VM: Java HotSpot(TM) 64-Bit Server VM (25.121-b13 mixed mode windows-amd64 compressed oops)
Heap:
 PSYoungGen      total 656384K, used 53361K [0x00000000d5b80000, 0x0000000100000000, 0x0000000100000000)
  eden space 627200K, 4% used [0x00000000d5b80000,0x00000000d752baf0,0x00000000fc000000)
  from space 29184K, 92% used [0x00000000fe380000,0x00000000ffdf0ab0,0x0000000100000000)
  to   space 32768K, 0% used [0x00000000fc000000,0x00000000fc000000,0x00000000fe000000)
 ParOldGen       total 94720K, used 50685K [0x0000000081200000, 0x0000000086e80000, 0x00000000d5b80000)
  object space 94720K, 53% used [0x0000000081200000,0x000000008437f5b8,0x0000000086e80000)
 Metaspace       used 58625K, capacity 59454K, committed 59728K, reserved 1101824K
  class space    used 7246K, capacity 7469K, committed 7552K, reserved 1048576K
GC Heap History (10 events):
Event: 15.443 GC heap before
{Heap before GC invocations=14 (full 2):
 PSYoungGen      total 386560K, used 374272K [0x00000000d5b80000, 0x00000000f7980000, 0x0000000100000000)
  eden space 374272K, 100% used [0x00000000d5b80000,0x00000000ec900000,0x00000000ec900000)
  from space 12288K, 0% used [0x00000000ec900000,0x00000000ec900000,0x00000000ed500000)
  to   space 13312K, 0% used [0x00000000f6c80000,0x00000000f6c80000,0x00000000f7980000)
 ParOldGen       total 94720K, used 27260K [0x0000000081200000, 0x0000000086e80000, 0x00000000d5b80000)
  object space 94720K, 28% used [0x0000000081200000,0x0000000082c9f348,0x0000000086e80000)
 Metaspace       used 38276K, capacity 38958K, committed 39248K, reserved 1083392K
  class space    used 4979K, capacity 5155K, committed 5248K, reserved 1048576K
Event: 15.457 GC heap after
Heap after GC invocations=14 (full 2):
 PSYoungGen      total 502272K, used 13284K [0x00000000d5b80000, 0x00000000f7980000, 0x0000000100000000)
  eden space 488960K, 0% used [0x00000000d5b80000,0x00000000d5b80000,0x00000000f3900000)
  from space 13312K, 99% used [0x00000000f6c80000,0x00000000f7979110,0x00000000f7980000)
  to   space 15872K, 0% used [0x00000000f5a80000,0x00000000f5a80000,0x00000000f6a00000)
 ParOldGen       total 94720K, used 29878K [0x0000000081200000, 0x0000000086e80000, 0x00000000d5b80000)
  object space 94720K, 31% used [0x0000000081200000,0x0000000082f2d958,0x0000000086e80000)
 Metaspace       used 38276K, capacity 38958K, committed 39248K, reserved 1083392K
  class space    used 4979K, capacity 5155K, committed 5248K, reserved 1048576K
}
Event: 17.993 GC heap before
{Heap before GC invocations=15 (full 2):
 PSYoungGen      total 502272K, used 502244K [0x00000000d5b80000, 0x00000000f7980000, 0x0000000100000000)
  eden space 488960K, 100% used [0x00000000d5b80000,0x00000000f3900000,0x00000000f3900000)
  from space 13312K, 99% used [0x00000000f6c80000,0x00000000f7979110,0x00000000f7980000)
  to   space 15872K, 0% used [0x00000000f5a80000,0x00000000f5a80000,0x00000000f6a00000)
 ParOldGen       total 94720K, used 29878K [0x0000000081200000, 0x0000000086e80000, 0x00000000d5b80000)
  object space 94720K, 31% used [0x0000000081200000,0x0000000082f2d958,0x0000000086e80000)
 Metaspace       used 40757K, capacity 41452K, committed 41808K, reserved 1085440K
  class space    used 5274K, capacity 5448K, committed 5504K, reserved 1048576K
Event: 18.019 GC heap after
Heap after GC invocations=15 (full 2):
 PSYoungGen      total 539136K, used 15845K [0x00000000d5b80000, 0x00000000fec00000, 0x0000000100000000)
  eden space 523264K, 0% used [0x00000000d5b80000,0x00000000d5b80000,0x00000000f5a80000)
  from space 15872K, 99% used [0x00000000f5a80000,0x00000000f69f9788,0x00000000f6a00000)
  to   space 19968K, 0% used [0x00000000fd880000,0x00000000fd880000,0x00000000fec00000)
 ParOldGen       total 94720K, used 35763K [0x0000000081200000, 0x0000000086e80000, 0x00000000d5b80000)
  object space 94720K, 37% used [0x0000000081200000,0x00000000834ecd58,0x0000000086e80000)
 Metaspace       used 40757K, capacity 41452K, committed 41808K, reserved 1085440K
  class space    used 5274K, capacity 5448K, committed 5504K, reserved 1048576K
}
Event: 25.163 GC heap before
{Heap before GC invocations=16 (full 2):
 PSYoungGen      total 539136K, used 539109K [0x00000000d5b80000, 0x00000000fec00000, 0x0000000100000000)
  eden space 523264K, 100% used [0x00000000d5b80000,0x00000000f5a80000,0x00000000f5a80000)
  from space 15872K, 99% used [0x00000000f5a80000,0x00000000f69f9788,0x00000000f6a00000)
  to   space 19968K, 0% used [0x00000000fd880000,0x00000000fd880000,0x00000000fec00000)
 ParOldGen       total 94720K, used 35763K [0x0000000081200000, 0x0000000086e80000, 0x00000000d5b80000)
  object space 94720K, 37% used [0x0000000081200000,0x00000000834ecd58,0x0000000086e80000)
 Metaspace       used 45156K, capacity 45890K, committed 46160K, reserved 1089536K
  class space    used 5749K, capacity 5939K, committed 6016K, reserved 1048576K
Event: 25.190 GC heap after
Heap after GC invocations=16 (full 2):
 PSYoungGen      total 645120K, used 19953K [0x00000000d5b80000, 0x0000000100000000, 0x0000000100000000)
  eden space 625152K, 0% used [0x00000000d5b80000,0x00000000d5b80000,0x00000000fbe00000)
  from space 19968K, 99% used [0x00000000fd880000,0x00000000febfc470,0x00000000fec00000)
  to   space 27136K, 0% used [0x00000000fbe00000,0x00000000fbe00000,0x00000000fd880000)
 ParOldGen       total 94720K, used 47308K [0x0000000081200000, 0x0000000086e80000, 0x00000000d5b80000)
  object space 94720K, 49% used [0x0000000081200000,0x0000000084033010,0x0000000086e80000)
 Metaspace       used 45156K, capacity 45890K, committed 46160K, reserved 1089536K
  class space    used 5749K, capacity 5939K, committed 6016K, reserved 1048576K
}
Event: 27.512 GC heap before
{Heap before GC invocations=17 (full 2):
 PSYoungGen      total 645120K, used 645105K [0x00000000d5b80000, 0x0000000100000000, 0x0000000100000000)
  eden space 625152K, 100% used [0x00000000d5b80000,0x00000000fbe00000,0x00000000fbe00000)
  from space 19968K, 99% used [0x00000000fd880000,0x00000000febfc470,0x00000000fec00000)
  to   space 27136K, 0% used [0x00000000fbe00000,0x00000000fbe00000,0x00000000fd880000)
 ParOldGen       total 94720K, used 47308K [0x0000000081200000, 0x0000000086e80000, 0x00000000d5b80000)
  object space 94720K, 49% used [0x0000000081200000,0x0000000084033010,0x0000000086e80000)
 Metaspace       used 48893K, capacity 49648K, committed 50000K, reserved 1093632K
  class space    used 6232K, capacity 6432K, committed 6528K, reserved 1048576K
Event: 27.540 GC heap after
Heap after GC invocations=17 (full 2):
 PSYoungGen      total 652288K, used 22060K [0x00000000d5b80000, 0x0000000100000000, 0x0000000100000000)
  eden space 625152K, 0% used [0x00000000d5b80000,0x00000000d5b80000,0x00000000fbe00000)
  from space 27136K, 81% used [0x00000000fbe00000,0x00000000fd38b270,0x00000000fd880000)
  to   space 29184K, 0% used [0x00000000fe380000,0x00000000fe380000,0x0000000100000000)
 ParOldGen       total 94720K, used 50677K [0x0000000081200000, 0x0000000086e80000, 0x00000000d5b80000)
  object space 94720K, 53% used [0x0000000081200000,0x000000008437d5b8,0x0000000086e80000)
 Metaspace       used 48893K, capacity 49648K, committed 50000K, reserved 1093632K
  class space    used 6232K, capacity 6432K, committed 6528K, reserved 1048576K
}
Event: 51.571 GC heap before
{Heap before GC invocations=18 (full 2):
 PSYoungGen      total 652288K, used 647212K [0x00000000d5b80000, 0x0000000100000000, 0x0000000100000000)
  eden space 625152K, 100% used [0x00000000d5b80000,0x00000000fbe00000,0x00000000fbe00000)
  from space 27136K, 81% used [0x00000000fbe00000,0x00000000fd38b270,0x00000000fd880000)
  to   space 29184K, 0% used [0x00000000fe380000,0x00000000fe380000,0x0000000100000000)
 ParOldGen       total 94720K, used 50677K [0x0000000081200000, 0x0000000086e80000, 0x00000000d5b80000)
  object space 94720K, 53% used [0x0000000081200000,0x000000008437d5b8,0x0000000086e80000)
 Metaspace       used 58580K, capacity 59454K, committed 59728K, reserved 1101824K
  class space    used 7238K, capacity 7469K, committed 7552K, reserved 1048576K
Event: 51.608 GC heap after
Heap after GC invocations=18 (full 2):
 PSYoungGen      total 656384K, used 27074K [0x00000000d5b80000, 0x0000000100000000, 0x0000000100000000)
  eden space 627200K, 0% used [0x00000000d5b80000,0x00000000d5b80000,0x00000000fc000000)
  from space 29184K, 92% used [0x00000000fe380000,0x00000000ffdf0ab0,0x0000000100000000)
  to   space 32768K, 0% used [0x00000000fc000000,0x00000000fc000000,0x00000000fe000000)
 ParOldGen       total 94720K, used 50685K [0x0000000081200000, 0x0000000086e80000, 0x00000000d5b80000)
  object space 94720K, 53% used [0x0000000081200000,0x000000008437f5b8,0x0000000086e80000)
 Metaspace       used 58580K, capacity 59454K, committed 59728K, reserved 1101824K
  class space    used 7238K, capacity 7469K, committed 7552K, reserved 1048576K
}

